Number to analize: 1000

Iteration		Par		Impar
0		0		0
1		0		0
2		1		0
3		5		2
4		2		0
5		4		1
6		6		2
7		11		5
8		3		0
9		13		6
10		5		1
11		10		4
12		7		2
13		7		2
14		12		5
15		12		5
16		4		0
17		9		3
18		14		6
19		14		6
20		6		1
21		6		1
22		11		4
23		11		4
24		8		2
25		16		7
26		8		2
27		70		41
28		13		5
29		13		5
30		13		5
31		67		39
32		5		0
33		18		8
34		10		3
35		10		3
36		15		6
37		15		6
38		15		6
39		23		11
40		7		1
41		69		40
42		7		1
43		20		9
44		12		4
45		12		4
46		12		4
47		66		38
48		9		2
49		17		7
50		17		7
51		17		7
52		9		2
53		9		2
54		71		41
55		71		41
56		14		5
57		22		10
58		14		5
59		22		10
60		14		5
61		14		5
62		68		39
63		68		39
64		6		0
65		19		8
66		19		8
67		19		8
68		11		3
69		11		3
70		11		3
71		65		37
72		16		6
73		73		42
74		16		6
75		11		3
76		16		6
77		16		6
78		24		11
79		24		11
80		8		1
81		16		6
82		70		40
83		70		40
84		8		1
85		8		1
86		21		9
87		21		9
88		13		4
89		21		9
90		13		4
91		59		33
92		13		4
93		13		4
94		67		38
95		67		38
96		10		2
97		75		43
98		18		7
99		18		7
100		18		7
101		18		7
102		18		7
103		56		31
104		10		2
105		26		12
106		10		2
107		64		36
108		72		41
109		72		41
110		72		41
111		45		24
112		15		5
113		10		2
114		23		10
115		23		10
116		15		5
117		15		5
118		23		10
119		23		10
120		15		5
121		61		34
122		15		5
123		31		15
124		69		39
125		69		39
126		69		39
127		31		15
128		7		0
129		77		44
130		20		8
131		20		8
132		20		8
133		20		8
134		20		8
135		28		13
136		12		3
137		58		32
138		12		3
139		28		13
140		12		3
141		12		3
142		66		37
143		66		37
144		17		6
145		74		42
146		74		42
147		74		42
148		17		6
149		17		6
150		12		3
151		12		3
152		17		6
153		25		11
154		17		6
155		55		30
156		25		11
157		25		11
158		25		11
159		36		18
160		9		1
161		63		35
162		17		6
163		17		6
164		71		40
165		71		40
166		71		40
167		44		23
168		9		1
169		33		16
170		9		1
171		79		45
172		22		9
173		22		9
174		22		9
175		52		28
176		14		4
177		22		9
178		22		9
179		22		9
180		14		4
181		14		4
182		60		33
183		60		33
184		14		4
185		30		14
186		14		4
187		30		14
188		68		38
189		68		38
190		68		38
191		30		14
192		11		2
193		76		43
194		76		43
195		76		43
196		19		7
197		19		7
198		19		7
199		76		43
200		19		7
201		14		4
202		19		7
203		27		12
204		19		7
205		19		7
206		57		31
207		57		31
208		11		2
209		27		12
210		27		12
211		27		12
212		11		2
213		11		2
214		65		36
215		65		36
216		73		41
217		19		7
218		73		41
219		35		17
220		73		41
221		73		41
222		46		24
223		46		24
224		16		5
225		35		17
226		11		2
227		11		2
228		24		10
229		24		10
230		24		10
231		81		46
232		16		5
233		54		29
234		16		5
235		81		46
236		24		10
237		24		10
238		24		10
239		35		17
240		16		5
241		16		5
242		62		34
243		62		34
244		16		5
245		16		5
246		32		15
247		32		15
248		70		39
249		32		15
250		70		39
251		43		22
252		70		39
253		70		39
254		32		15
255		32		15
256		8		0
257		78		44
258		78		44
259		78		44
260		21		8
261		21		8
262		21		8
263		51		27
264		21		8
265		78		44
266		21		8
267		16		5
268		21		8
269		21		8
270		29		13
271		29		13
272		13		3
273		21		8
274		59		32
275		59		32
276		13		3
277		13		3
278		29		13
279		29		13
280		13		3
281		29		13
282		13		3
283		40		20
284		67		37
285		67		37
286		67		37
287		29		13
288		18		6
289		21		8
290		75		42
291		75		42
292		75		42
293		75		42
294		75		42
295		37		18
296		18		6
297		48		25
298		18		6
299		75		42
300		13		3
301		13		3
302		13		3
303		29		13
304		18		6
305		26		11
306		26		11
307		26		11
308		18		6
309		18		6
310		56		30
311		56		30
312		26		11
313		83		47
314		26		11
315		26		11
316		26		11
317		26		11
318		37		18
319		37		18
320		10		1
321		18		6
322		64		35
323		64		35
324		18		6
325		18		6
326		18		6
327		91		52
328		72		40
329		34		16
330		72		40
331		18		6
332		72		40
333		72		40
334		45		23
335		45		23
336		10		1
337		72		40
338		34		16
339		34		16
340		10		1
341		10		1
342		80		45
343		80		45
344		23		9
345		80		45
346		23		9
347		80		45
348		23		9
349		23		9
350		53		28
351		53		28
352		15		4
353		80		45
354		23		9
355		23		9
356		23		9
357		23		9
358		23		9
359		34		16
360		15		4
361		31		14
362		15		4
363		31		14
364		61		33
365		61		33
366		61		33
367		31		14
368		15		4
369		15		4
370		31		14
371		31		14
372		15		4
373		15		4
374		31		14
375		31		14
376		69		38
377		42		21
378		69		38
379		39		19
380		69		38
381		69		38
382		31		14
383		31		14
384		12		2
385		23		9
386		77		43
387		77		43
388		77		43
389		77		43
390		77		43
391		77		43
392		20		7
393		39		19
394		20		7
395		50		26
396		20		7
397		20		7
398		77		43
399		77		43
400		20		7
401		15		4
402		15		4
403		15		4
404		20		7
405		20		7
406		28		12
407		28		12
408		20		7
409		28		12
410		20		7
411		85		48
412		58		31
413		58		31
414		58		31
415		85		48
416		12		2
417		85		48
418		28		12
419		28		12
420		28		12
421		28		12
422		28		12
423		23		9
424		12		2
425		39		19
426		12		2
427		36		17
428		66		36
429		66		36
430		66		36
431		28		12
432		74		41
433		20		7
434		20		7
435		20		7
436		74		41
437		74		41
438		36		17
439		36		17
440		74		41
441		20		7
442		74		41
443		36		17
444		47		24
445		47		24
446		47		24
447		63		34
448		17		5
449		74		41
450		36		17
451		36		17
452		12		2
453		12		2
454		12		2
455		28		12
456		25		10
457		82		46
458		25		10
459		82		46
460		25		10
461		25		10
462		82		46
463		82		46
464		17		5
465		25		10
466		55		29
467		55		29
468		17		5
469		17		5
470		82		46
471		82		46
472		25		10
473		25		10
474		25		10
475		20		7
476		25		10
477		25		10
478		36		17
479		36		17
480		17		5
481		33		15
482		17		5
483		17		5
484		63		34
485		63		34
486		63		34
487		90		51
488		17		5
489		33		15
490		17		5
491		90		51
492		33		15
493		33		15
494		33		15
495		63		34
496		71		39
497		17		5
498		33		15
499		33		15
500		71		39
501		71		39
502		44		22
503		44		22
504		71		39
505		41		20
506		71		39
507		25		10
508		33		15
509		33		15
510		33		15
511		41		20
512		9		0
513		25		10
514		79		44
515		79		44
516		79		44
517		79		44
518		79		44
519		41		20
520		22		8
521		79		44
522		22		8
523		79		44
524		22		8
525		22		8
526		52		27
527		52		27
528		22		8
529		22		8
530		79		44
531		79		44
532		22		8
533		22		8
534		17		5
535		17		5
536		22		8
537		17		5
538		22		8
539		33		15
540		30		13
541		30		13
542		30		13
543		87		49
544		14		3
545		30		13
546		22		8
547		22		8
548		60		32
549		60		32
550		60		32
551		30		13
552		14		3
553		87		49
554		14		3
555		22		8
556		30		13
557		30		13
558		30		13
559		57		30
560		14		3
561		30		13
562		30		13
563		30		13
564		14		3
565		14		3
566		41		20
567		41		20
568		68		37
569		38		18
570		68		37
571		22		8
572		68		37
573		68		37
574		30		13
575		30		13
576		19		6
577		22		8
578		22		8
579		22		8
580		76		42
581		76		42
582		76		42
583		22		8
584		76		42
585		38		18
586		76		42
587		76		42
588		76		42
589		76		42
590		38		18
591		38		18
592		19		6
593		49		25
594		49		25
595		49		25
596		19		6
597		19		6
598		76		42
599		76		42
600		14		3
601		38		18
602		14		3
603		46		23
604		14		3
605		14		3
606		30		13
607		30		13
608		19		6
609		84		47
610		27		11
611		27		11
612		27		11
613		27		11
614		27		11
615		46		23
616		19		6
617		84		47
618		19		6
619		84		47
620		57		30
621		57		30
622		57		30
623		84		47
624		27		11
625		19		6
626		84		47
627		84		47
628		27		11
629		27		11
630		27		11
631		27		11
632		27		11
633		22		8
634		27		11
635		22		8
636		38		18
637		38		18
638		38		18
639		84		47
640		11		1
641		35		16
642		19		6
643		19		6
644		65		35
645		65		35
646		65		35
647		27		11
648		19		6
649		92		52
650		19		6
651		65		35
652		19		6
653		19		6
654		92		52
655		92		52
656		73		40
657		35		16
658		35		16
659		35		16
660		73		40
661		73		40
662		19		6
663		19		6
664		73		40
665		35		16
666		73		40
667		92		52
668		46		23
669		46		23
670		46		23
671		62		33
672		11		1
673		43		21
674		73		40
675		73		40
676		35		16
677		35		16
678		35		16
679		43		21
680		11		1
681		43		21
682		11		1
683		27		11
684		81		45
685		81		45
686		81		45
687		27		11
688		24		9
689		81		45
690		81		45
691		81		45
692		24		9
693		24		9
694		81		45
695		81		45
696		24		9
697		81		45
698		24		9
699		43		21
700		54		28
701		54		28
702		54		28
703		108		62
704		16		4
705		24		9
706		81		45
707		81		45
708		24		9
709		24		9
710		24		9
711		43		21
712		24		9
713		19		6
714		24		9
715		19		6
716		24		9
717		24		9
718		35		16
719		35		16
720		16		4
721		32		14
722		32		14
723		32		14
724		16		4
725		16		4
726		32		14
727		32		14
728		62		33
729		24		9
730		62		33
731		89		50
732		62		33
733		62		33
734		32		14
735		32		14
736		16		4
737		89		50
738		16		4
739		16		4
740		32		14
741		32		14
742		32		14
743		62		33
744		16		4
745		59		31
746		16		4
747		32		14
748		32		14
749		32		14
750		32		14
751		89		50
752		70		38
753		16		4
754		43		21
755		43		21
756		70		38
757		70		38
758		40		19
759		40		19
760		70		38
761		24		9
762		70		38
763		97		55
764		32		14
765		32		14
766		32		14
767		40		19
768		13		2
769		24		9
770		24		9
771		24		9
772		78		43
773		78		43
774		78		43
775		97		55
776		78		43
777		24		9
778		78		43
779		40		19
780		78		43
781		78		43
782		78		43
783		78		43
784		21		7
785		78		43
786		40		19
787		40		19
788		21		7
789		21		7
790		51		26
791		51		26
792		21		7
793		51		26
794		21		7
795		67		36
796		78		43
797		78		43
798		78		43
799		48		24
800		21		7
801		40		19
802		16		4
803		16		4
804		16		4
805		16		4
806		16		4
807		48		24
808		21		7
809		32		14
810		21		7
811		86		48
812		29		12
813		29		12
814		29		12
815		86		48
816		21		7
817		29		12
818		29		12
819		29		12
820		21		7
821		21		7
822		86		48
823		86		48
824		59		31
825		86		48
826		59		31
827		29		12
828		59		31
829		59		31
830		86		48
831		86		48
832		13		2
833		21		7
834		86		48
835		86		48
836		29		12
837		29		12
838		29		12
839		56		29
840		29		12
841		29		12
842		29		12
843		29		12
844		29		12
845		29		12
846		24		9
847		24		9
848		13		2
849		40		19
850		40		19
851		40		19
852		13		2
853		13		2
854		37		17
855		37		17
856		67		36
857		21		7
858		67		36
859		94		53
860		67		36
861		67		36
862		29		12
863		29		12
864		75		41
865		94		53
866		21		7
867		21		7
868		21		7
869		21		7
870		21		7
871		113		65
872		75		41
873		94		53
874		75		41
875		21		7
876		37		17
877		37		17
878		37		17
879		94		53
880		75		41
881		75		41
882		21		7
883		21		7
884		75		41
885		75		41
886		37		17
887		37		17
888		48		24
889		94		53
890		48		24
891		32		14
892		48		24
893		48		24
894		64		34
895		64		34
896		18		5
897		45		22
898		75		41
899		75		41
900		37		17
901		37		17
902		37		17
903		75		41
904		13		2
905		45		22
906		13		2
907		37		17
908		13		2
909		13		2
910		29		12
911		29		12
912		26		10
913		83		46
914		83		46
915		83		46
916		26		10
917		26		10
918		83		46
919		83		46
920		26		10
921		83		46
922		26		10
923		45		22
924		83		46
925		83		46
926		83		46
927		75		41
928		18		5
929		83		46
930		26		10
931		26		10
932		56		29
933		56		29
934		56		29
935		83		46
936		18		5
937		110		63
938		18		5
939		56		29
940		83		46
941		83		46
942		83		46
943		26		10
944		26		10
945		26		10
946		26		10
947		26		10
948		26		10
949		26		10
950		21		7
951		21		7
952		26		10
953		21		7
954		26		10
955		21		7
956		37		17
957		37		17
958		37		17
959		83		46
960		18		5
961		34		15
962		34		15
963		34		15
964		18		5
965		18		5
966		18		5
967		91		51
968		64		34
969		34		15
970		64		34
971		26		10
972		64		34
973		64		34
974		91		51
975		91		51
976		18		5
977		64		34
978		34		15
979		34		15
980		18		5
981		18		5
982		91		51
983		91		51
984		34		15
985		18		5
986		34		15
987		26		10
988		34		15
989		34		15
990		64		34
991		64		34
992		72		39
993		61		32
994		18		5
995		18		5
996		34		15
997		34		15
998		34		15
999		34		15
